<?xml version="1.0" encoding="UTF-8"?>
<Site BuildName="(empty)"
	BuildStamp="20231124-0007-Experimental"
	Name="(empty)"
	Generator="ctest-3.27.4"
	CompilerName=""
	CompilerVersion=""
	OSName="Windows"
	Hostname="DESKTOP-50KSI92"
	OSRelease=" Personal"
	OSVersion=" (Build 18362)"
	OSPlatform="AMD64"
	Is64Bits="1"
	VendorString="AuthenticAMD"
	VendorID="Advanced Micro Devices"
	FamilyID="15"
	ModelID="8"
	ProcessorCacheSize="96"
	NumberOfLogicalCPU="12"
	NumberOfPhysicalCPU="6"
	TotalVirtualMemory="25058"
	TotalPhysicalMemory="16315"
	LogicalProcessorsPerPhysical="2"
	ProcessorClockFrequency="3393"
	>
	<Testing>
		<StartDateTime>Nov 24 08:52 [NON-UTF-8-BYTE-0xD2][NON-UTF-8-BYTE-0xEE][NON-UTF-8-BYTE-0xEC][NON-UTF-8-BYTE-0xF1][NON-UTF-8-BYTE-0xEA] ([NON-UTF-8-BYTE-0xE7][NON-UTF-8-BYTE-0xE8][NON-UTF-8-BYTE-0xEC][NON-UTF-8-BYTE-0xE0])</StartDateTime>
		<StartTestTime>1700790777</StartTestTime>
		<TestList>
			<Test>./Testfield</Test>
		</TestList>
		<Test Status="passed">
			<Name>Testfield</Name>
			<Path>.</Path>
			<FullName>./Testfield</FullName>
			<FullCommandLine>"C:\Users\Владимир\Desktop\Универ\2 курс\ООП\Malinovskiy_nachalo\lab2_game_of_life_v1.0\build\Tests.exe"</FullCommandLine>
			<Results>
				<NamedMeasurement type="numeric/double" name="Execution Time">
					<Value>0.0502509</Value>
				</NamedMeasurement>
				<NamedMeasurement type="numeric/double" name="Processors">
					<Value>1</Value>
				</NamedMeasurement>
				<NamedMeasurement type="text/string" name="Completion Status">
					<Value>Completed</Value>
				</NamedMeasurement>
				<NamedMeasurement type="text/string" name="Command Line">
					<Value>"C:\Users\Владимир\Desktop\Универ\2 курс\ООП\Malinovskiy_nachalo\lab2_game_of_life_v1.0\build\Tests.exe"</Value>
				</NamedMeasurement>
				<NamedMeasurement type="text/string" name="Environment">
					<Value>#CTEST_RESOURCE_GROUP_COUNT=</Value>
				</NamedMeasurement>
				<Measurement>
					<Value encoding="base64" compression="gzip">eJztU81OwkAQvvcp5qiJNIKcTDx7MNHE6Ilw4GeRxtKSbot6A9R4wEjCXb34AA1SKULxFWbfyJktEX9CvHlykm46337zzc5MprDzYUU4DBzHck4gD76QvoSa5zYgqx2QgeUL0yhkPqwIu7ZbLtnpvXBaluc6DeEQV/iZoPmN/EX0iH5rlrCrRgEOj/dBW3EJm5WgLAwcqGuc4wgTOiegrjDECU6B/IgP9kYYYWICDogyxhmdL0zf0CR8U21iDTHGqbplHNQlvhI0pi8Bur9UXXVrGviEc+LOMFRdgnVWYujMzxy2yI1hKjzEiOiJ6uGEgh9IpKOlOqqLQ8oRsUyMM9UH8jsUMeWHppWsjvj0Xk7a1uXoEjFmqZjVeoTFRApTlIp/JCYlY57qqzut2v+qFuqquHzu0VTdLMLvtmGLdXOZLXrW/a89Uz0gZ667NSJOwh1jcLjsUURTTe1g78dUYS0LDbm+avBl23JOhfc/+7+ZvWnSmh7VLQnNkueDWwO/LtKNdgO/GfhwVpLgiYbbElWQllMRYNG2n1eEqMqUXPeErLt2laOzm7k8lC9IwCwa7/bbhKs=</Value>
				</Measurement>
			</Results>
		</Test>
		<EndDateTime>Nov 24 08:52 [NON-UTF-8-BYTE-0xD2][NON-UTF-8-BYTE-0xEE][NON-UTF-8-BYTE-0xEC][NON-UTF-8-BYTE-0xF1][NON-UTF-8-BYTE-0xEA] ([NON-UTF-8-BYTE-0xE7][NON-UTF-8-BYTE-0xE8][NON-UTF-8-BYTE-0xEC][NON-UTF-8-BYTE-0xE0])</EndDateTime>
		<EndTestTime>1700790777</EndTestTime>
		<ElapsedMinutes>0</ElapsedMinutes>
	</Testing>
</Site>
