<?xml version="1.0" encoding="UTF-8"?>
<Site BuildName="(empty)"
	BuildStamp="20231102-1255-Experimental"
	Name="(empty)"
	Generator="ctest-3.27.4"
	CompilerName=""
	CompilerVersion=""
	OSName="Windows"
	Hostname="DESKTOP-50KSI92"
	OSRelease=" Personal"
	OSVersion=" (Build 18362)"
	OSPlatform="AMD64"
	Is64Bits="1"
	VendorString="AuthenticAMD"
	VendorID="Advanced Micro Devices"
	FamilyID="15"
	ModelID="8"
	ProcessorCacheSize="96"
	NumberOfLogicalCPU="12"
	NumberOfPhysicalCPU="6"
	TotalVirtualMemory="22203"
	TotalPhysicalMemory="16315"
	LogicalProcessorsPerPhysical="2"
	ProcessorClockFrequency="3393"
	>
	<Testing>
		<StartDateTime>Nov 02 20:09 [NON-UTF-8-BYTE-0xD2][NON-UTF-8-BYTE-0xEE][NON-UTF-8-BYTE-0xEC][NON-UTF-8-BYTE-0xF1][NON-UTF-8-BYTE-0xEA] ([NON-UTF-8-BYTE-0xE7][NON-UTF-8-BYTE-0xE8][NON-UTF-8-BYTE-0xEC][NON-UTF-8-BYTE-0xE0])</StartDateTime>
		<StartTestTime>1698930551</StartTestTime>
		<TestList>
			<Test>./TestBitset</Test>
		</TestList>
		<Test Status="passed">
			<Name>TestBitset</Name>
			<Path>.</Path>
			<FullName>./TestBitset</FullName>
			<FullCommandLine>"C:\Users\Владимир\Desktop\Универ\2 курс\ООП\Malinovskiy_nachalo\lab1_bitset\build\Tests.exe"</FullCommandLine>
			<Results>
				<NamedMeasurement type="numeric/double" name="Execution Time">
					<Value>0.0127352</Value>
				</NamedMeasurement>
				<NamedMeasurement type="numeric/double" name="Processors">
					<Value>1</Value>
				</NamedMeasurement>
				<NamedMeasurement type="text/string" name="Completion Status">
					<Value>Completed</Value>
				</NamedMeasurement>
				<NamedMeasurement type="text/string" name="Command Line">
					<Value>"C:\Users\Владимир\Desktop\Универ\2 курс\ООП\Malinovskiy_nachalo\lab1_bitset\build\Tests.exe"</Value>
				</NamedMeasurement>
				<NamedMeasurement type="text/string" name="Environment">
					<Value>#CTEST_RESOURCE_GROUP_COUNT=</Value>
				</NamedMeasurement>
				<Measurement>
					<Value encoding="base64" compression="gzip">eJyVk7FOwzAURXd/xR1haOTYaVoGFhYGJJCqMkURSptXYimxo9gp8Pe4jVQBEo19J9s57+hmeMX9JSU2o9ZKv0MIOLLO4jCYDun5AjsqRwkrFpeUeGzNrmqn76SPajC6I+1Zcoux/wP/tm798UE5T7ICm9dnnFP+eE+s6vqW3k5DKUs9NuXl6X8MNxydvQ1RijCliFBKFthTRkgzxsFZniHPmJSQkgkIxq8n9TNzhK/KQwtnEYWXodJlhDSf/eN5ILBWHlFrFaZcRSjXYcp1hPLuijLxW7ptlEVfDQ7mANfQtNBmdP3o8FFZDNSZI9WwSu8Jyi/7556othPcDGQb09an6ZSLDLsvL0hK9g2bxkLK====</Value>
				</Measurement>
			</Results>
		</Test>
		<EndDateTime>Nov 02 20:09 [NON-UTF-8-BYTE-0xD2][NON-UTF-8-BYTE-0xEE][NON-UTF-8-BYTE-0xEC][NON-UTF-8-BYTE-0xF1][NON-UTF-8-BYTE-0xEA] ([NON-UTF-8-BYTE-0xE7][NON-UTF-8-BYTE-0xE8][NON-UTF-8-BYTE-0xEC][NON-UTF-8-BYTE-0xE0])</EndDateTime>
		<EndTestTime>1698930551</EndTestTime>
		<ElapsedMinutes>0</ElapsedMinutes>
	</Testing>
</Site>
