Start testing: Nov 24 08:52 ����� (����)
----------------------------------------------------------
1/1 Testing: Testfield
1/1 Test: Testfield
Command: "C:/Users/Владимир/Desktop/Универ/2 курс/ООП/Malinovskiy_nachalo/lab2_game_of_life_v1.0/build/Tests.exe"
Directory: C:/Users/Владимир/Desktop/Универ/2 курс/ООП/Malinovskiy_nachalo/lab2_game_of_life_v1.0/build
"Testfield" start time: Nov 24 08:52 ����� (����)
Output:
----------------------------------------------------------
[==========] Running 4 tests from 1 test suite.
[----------] Global test environment set-up.
[----------] 4 tests from Testfield
[ RUN      ] Testfield.cube
Входной файл не найден. Возможно, неправильно указан путь.
Формат поданного файла неверный.
Отсутствует имя вселенной.
Отсутствует правило рождения и выживания. Применяются правила по умолчанию: 3 и 2-3.
Неправильно указаны координаты в файле
[       OK ] Testfield.cube (1 ms)
[ RUN      ] Testfield.blinker
Входной файл не найден. Возможно, неправильно указан путь.
Формат поданного файла неверный.
Отсутствует имя вселенной.
Отсутствует правило рождения и выживания. Применяются правила по умолчанию: 3 и 2-3.
Неправильно указаны координаты в файле
[       OK ] Testfield.blinker (0 ms)
[ RUN      ] Testfield.beacon
Входной файл не найден. Возможно, неправильно указан путь.
Формат поданного файла неверный.
Отсутствует имя вселенной.
Отсутствует правило рождения и выживания. Применяются правила по умолчанию: 3 и 2-3.
Неправильно указаны координаты в файле
[       OK ] Testfield.beacon (0 ms)
[ RUN      ] Testfield.glider
Входной файл не найден. Возможно, неправильно указан путь.
Формат поданного файла неверный.
Отсутствует имя вселенной.
Отсутствует правило рождения и выживания. Применяются правила по умолчанию: 3 и 2-3.
Неправильно указаны координаты в файле
[       OK ] Testfield.glider (2 ms)
[----------] 4 tests from Testfield (5 ms total)

[----------] Global test environment tear-down
[==========] 4 tests from 1 test suite ran. (5 ms total)
[  PASSED  ] 4 tests.
libgcov profiling error:C:\Users\��������\Desktop\������\2 ����\���\Malinovskiy_nachalo\lab2_game_of_life_v1.0\build\CMakeFiles/Tests.dir/Tests/test.gcda:overwriting an existing profile data with a different timestamp
<end of output>
Test time =   0.05 sec
----------------------------------------------------------
Test Passed.
"Testfield" end time: Nov 24 08:52 ����� (����)
"Testfield" time elapsed: 00:00:00
----------------------------------------------------------

End testing: Nov 24 08:52 ����� (����)
